This is pdfTeX, Version 3.1415926-2.5-1.40.14 (MiKTeX 2.9 64-bit) (preloaded format=pdflatex 2014.7.23)  16 DEC 2014 10:48
entering extended mode
**hw-template.tex

("C:\Users\Chen\Documents\RealBusiness\Course Information\Machine Learning\hw1\
hw-template.tex"
LaTeX2e <2011/06/27>
Babel <v3.8m> and hyphenation patterns for english, afrikaans, ancientgreek, ar
abic, armenian, assamese, basque, bengali, bokmal, bulgarian, catalan, coptic, 
croatian, czech, danish, dutch, esperanto, estonian, farsi, finnish, french, ga
lician, german, german-x-2013-05-26, greek, gujarati, hindi, hungarian, iceland
ic, indonesian, interlingua, irish, italian, kannada, kurmanji, latin, latvian,
 lithuanian, malayalam, marathi, mongolian, mongolianlmc, monogreek, ngerman, n
german-x-2013-05-26, nynorsk, oriya, panjabi, pinyin, polish, portuguese, roman
ian, russian, sanskrit, serbian, slovak, slovenian, spanish, swedish, swissgerm
an, tamil, telugu, turkish, turkmen, ukenglish, ukrainian, uppersorbian, usengl
ishmax, welsh, loaded.

("C:\Users\Chen\Documents\RealBusiness\Course Information\Machine Learning\hw1\
cs446.tex" (F:\Miktext\tex\latex\base\article.cls
Document Class: article 2007/10/19 v1.4h Standard LaTeX document class
(F:\Miktext\tex\latex\base\size12.clo
File: size12.clo 2007/10/19 v1.4h Standard LaTeX file (size option)
)
\c@part=\count79
\c@section=\count80
\c@subsection=\count81
\c@subsubsection=\count82
\c@paragraph=\count83
\c@subparagraph=\count84
\c@figure=\count85
\c@table=\count86
\abovecaptionskip=\skip41
\belowcaptionskip=\skip42
\bibindent=\dimen102
)
\c@theorem=\count87
\c@corollary=\count88
\c@lemma=\count89
\c@claim=\count90
\c@fact=\count91
\c@definition=\count92
\c@assumption=\count93
\c@observation=\count94
\c@example=\count95

(F:\Miktext\tex\latex\oberdiek\epstopdf.sty
Package: epstopdf 2010/02/09 v2.5 Conversion with epstopdf on the fly (HO)

(F:\Miktext\tex\latex\oberdiek\epstopdf-base.sty
Package: epstopdf-base 2010/02/09 v2.5 Base part for package epstopdf

(F:\Miktext\tex\generic\oberdiek\infwarerr.sty
Package: infwarerr 2010/04/08 v1.3 Providing info/warning/error messages (HO)
)
(F:\Miktext\tex\latex\oberdiek\grfext.sty
Package: grfext 2010/08/19 v1.1 Manage graphics extensions (HO)

(F:\Miktext\tex\generic\oberdiek\kvdefinekeys.sty
Package: kvdefinekeys 2011/04/07 v1.3 Define keys (HO)

(F:\Miktext\tex\generic\oberdiek\ltxcmds.sty
Package: ltxcmds 2011/11/09 v1.22 LaTeX kernel commands for general use (HO)
)))
(F:\Miktext\tex\latex\oberdiek\kvoptions.sty
Package: kvoptions 2011/06/30 v3.11 Key value format for package options (HO)

(F:\Miktext\tex\latex\graphics\keyval.sty
Package: keyval 1999/03/16 v1.13 key=value parser (DPC)
\KV@toks@=\toks14
)
(F:\Miktext\tex\generic\oberdiek\kvsetkeys.sty
Package: kvsetkeys 2012/04/25 v1.16 Key value parser (HO)

(F:\Miktext\tex\generic\oberdiek\etexcmds.sty
Package: etexcmds 2011/02/16 v1.5 Avoid name clashes with e-TeX commands (HO)

(F:\Miktext\tex\generic\oberdiek\ifluatex.sty
Package: ifluatex 2010/03/01 v1.3 Provides the ifluatex switch (HO)
Package ifluatex Info: LuaTeX not detected.
)
Package etexcmds Info: Could not find \expanded.
(etexcmds)             That can mean that you are not using pdfTeX 1.50 or
(etexcmds)             that some package has redefined \expanded.
(etexcmds)             In the latter case, load this package earlier.
)))
(F:\Miktext\tex\generic\oberdiek\pdftexcmds.sty
Package: pdftexcmds 2011/11/29 v0.20 Utility functions of pdfTeX for LuaTeX (HO
)

(F:\Miktext\tex\generic\oberdiek\ifpdf.sty
Package: ifpdf 2011/01/30 v2.3 Provides the ifpdf switch (HO)
Package ifpdf Info: pdfTeX in PDF mode is detected.
)
Package pdftexcmds Info: LuaTeX not detected.
Package pdftexcmds Info: \pdf@primitive is available.
Package pdftexcmds Info: \pdf@ifprimitive is available.
Package pdftexcmds Info: \pdfdraftmode found.
)

Package epstopdf Warning: No graphics package `graphic{s,x}' loaded.

))) (F:\Miktext\tex\latex\graphics\graphicx.sty
Package: graphicx 1999/02/16 v1.0f Enhanced LaTeX Graphics (DPC,SPQR)

(F:\Miktext\tex\latex\graphics\graphics.sty
Package: graphics 2009/02/05 v1.0o Standard LaTeX Graphics (DPC,SPQR)

(F:\Miktext\tex\latex\graphics\trig.sty
Package: trig 1999/03/16 v1.09 sin cos tan (DPC)
)
(F:\Miktext\tex\latex\00miktex\graphics.cfg
File: graphics.cfg 2007/01/18 v1.5 graphics configuration of teTeX/TeXLive
)
Package graphics Info: Driver file: pdftex.def on input line 91.

(F:\Miktext\tex\latex\pdftex-def\pdftex.def
File: pdftex.def 2011/05/27 v0.06d Graphics/color for pdfTeX
\Gread@gobject=\count96
))
\Gin@req@height=\dimen103
\Gin@req@width=\dimen104
)
(F:\Miktext\tex\latex\amsfonts\amssymb.sty
Package: amssymb 2013/01/14 v3.01 AMS font symbols

(F:\Miktext\tex\latex\amsfonts\amsfonts.sty
Package: amsfonts 2013/01/14 v3.01 Basic AMSFonts support
\@emptytoks=\toks15
\symAMSa=\mathgroup4
\symAMSb=\mathgroup5
LaTeX Font Info:    Overwriting math alphabet `\mathfrak' in version `bold'
(Font)                  U/euf/m/n --> U/euf/b/n on input line 106.
))
(F:\Miktext\tex\latex\amsmath\amsmath.sty
Package: amsmath 2013/01/14 v2.14 AMS math features
\@mathmargin=\skip43

For additional information on amsmath, use the `?' option.
(F:\Miktext\tex\latex\amsmath\amstext.sty
Package: amstext 2000/06/29 v2.01

(F:\Miktext\tex\latex\amsmath\amsgen.sty
File: amsgen.sty 1999/11/30 v2.0
\@emptytoks=\toks16
\ex@=\dimen105
))
(F:\Miktext\tex\latex\amsmath\amsbsy.sty
Package: amsbsy 1999/11/29 v1.2d
\pmbraise@=\dimen106
)
(F:\Miktext\tex\latex\amsmath\amsopn.sty
Package: amsopn 1999/12/14 v2.01 operator names
)
\inf@bad=\count97
LaTeX Info: Redefining \frac on input line 210.
\uproot@=\count98
\leftroot@=\count99
LaTeX Info: Redefining \overline on input line 306.
\classnum@=\count100
\DOTSCASE@=\count101
LaTeX Info: Redefining \ldots on input line 378.
LaTeX Info: Redefining \dots on input line 381.
LaTeX Info: Redefining \cdots on input line 466.
\Mathstrutbox@=\box26
\strutbox@=\box27
\big@size=\dimen107
LaTeX Font Info:    Redeclaring font encoding OML on input line 566.
LaTeX Font Info:    Redeclaring font encoding OMS on input line 567.
\macc@depth=\count102
\c@MaxMatrixCols=\count103
\dotsspace@=\muskip10
\c@parentequation=\count104
\dspbrk@lvl=\count105
\tag@help=\toks17
\row@=\count106
\column@=\count107
\maxfields@=\count108
\andhelp@=\toks18
\eqnshift@=\dimen108
\alignsep@=\dimen109
\tagshift@=\dimen110
\tagwidth@=\dimen111
\totwidth@=\dimen112
\lineht@=\dimen113
\@envbody=\toks19
\multlinegap=\skip44
\multlinetaggap=\skip45
\mathdisplay@stack=\toks20
LaTeX Info: Redefining \[ on input line 2665.
LaTeX Info: Redefining \] on input line 2666.
)
("C:\Users\Chen\Documents\RealBusiness\Course Information\Machine Learning\hw1\
hw-template.aux"

LaTeX Warning: Label `eq:lin_prog_discriminant_obj' multiply defined.


LaTeX Warning: Label `eq:lin_prog_discriminant_constraint' multiply defined.


LaTeX Warning: Label `eq:lin_prog_discriminant_bound' multiply defined.


LaTeX Warning: Label `eq:lin_prog_discriminant_obj' multiply defined.


LaTeX Warning: Label `eq:lin_prog_discriminant_constraint' multiply defined.


LaTeX Warning: Label `eq:lin_prog_discriminant_bound' multiply defined.


LaTeX Warning: Label `eq:lin_prog_discriminant_obj' multiply defined.


LaTeX Warning: Label `eq:lin_prog_discriminant_constraint' multiply defined.


LaTeX Warning: Label `eq:lin_prog_discriminant_bound' multiply defined.

)
LaTeX Font Info:    Checking defaults for OML/cmm/m/it on input line 10.
LaTeX Font Info:    ... okay on input line 10.
LaTeX Font Info:    Checking defaults for T1/cmr/m/n on input line 10.
LaTeX Font Info:    ... okay on input line 10.
LaTeX Font Info:    Checking defaults for OT1/cmr/m/n on input line 10.
LaTeX Font Info:    ... okay on input line 10.
LaTeX Font Info:    Checking defaults for OMS/cmsy/m/n on input line 10.
LaTeX Font Info:    ... okay on input line 10.
LaTeX Font Info:    Checking defaults for OMX/cmex/m/n on input line 10.
LaTeX Font Info:    ... okay on input line 10.
LaTeX Font Info:    Checking defaults for U/cmr/m/n on input line 10.
LaTeX Font Info:    ... okay on input line 10.
 (F:\Miktext\tex\context\base\supp-pdf.mkii
[Loading MPS to PDF converter (version 2006.09.02).]
\scratchcounter=\count109
\scratchdimen=\dimen114
\scratchbox=\box28
\nofMPsegments=\count110
\nofMParguments=\count111
\everyMPshowfont=\toks21
\MPscratchCnt=\count112
\MPscratchDim=\dimen115
\MPnumerator=\count113
\makeMPintoPDFobject=\count114
\everyMPtoPDFconversion=\toks22
)
Underfull \hbox (badness 10000) detected at line 12
 []
 []

LaTeX Font Info:    Try loading font information for U+msa on input line 29.
(F:\Miktext\tex\latex\amsfonts\umsa.fd
File: umsa.fd 2013/01/14 v3.01 AMS symbols A
)
LaTeX Font Info:    Try loading font information for U+msb on input line 29.
 (F:\Miktext\tex\latex\amsfonts\umsb.fd
File: umsb.fd 2013/01/14 v3.01 AMS symbols B
)
Overfull \hbox (8.81085pt too wide) in paragraph at lines 25--45
[][]\OT1/cmr/m/n/12 take nega-tion of the x vec-tor (E.g if $\OML/cmm/m/it/12 x
 \OT1/cmr/m/n/12 = [1 1 0 1]$, the nega-tion is $[] = [0 0 1 0]$). 
 []

[1

{C:/ProgramData/MiKTeX/2.9/pdftex/config/pdftex.map}] [2]
<LinearSeparable.jpg, id=16, 539.01375pt x 366.61969pt>
File: LinearSeparable.jpg Graphic file (type jpg)

<use LinearSeparable.jpg>
Package pdftex.def Info: LinearSeparable.jpg used on input line 86.
(pdftex.def)             Requested size: 375.80542pt x 255.61389pt.
 [3 <C:/Users/Chen/Documents/RealBusiness/Course Information/Machine Learning/h
w1/LinearSeparable.jpg>] [4]
Overfull \hbox (21.42746pt too wide) in paragraph at lines 136--150
\OT1/cmr/m/n/12 Construct the vec-tors $[] = [][]$, $[] = [][]$
 []

<learnConjunctions.jpg, id=25, 1008.76875pt x 656.4525pt>
File: learnConjunctions.jpg Graphic file (type jpg)

<use learnConjunctions.jpg>
Package pdftex.def Info: learnConjunctions.jpg used on input line 162.
(pdftex.def)             Requested size: 375.80542pt x 244.5564pt.

Overfull \hbox (61.21768pt too wide) in paragraph at lines 169--174
$[] \OT1/cmr/m/n/12 = []$,
 []

[5 <C:/Users/Chen/Documents/RealBusiness/Course Information/Machine Learning/hw
1/learnConjunctions.jpg>] <LearnBadges.jpg, id=29, 1193.45876pt x 633.36626pt>
File: LearnBadges.jpg Graphic file (type jpg)

<use LearnBadges.jpg>
Package pdftex.def Info: LearnBadges.jpg used on input line 180.
(pdftex.def)             Requested size: 375.80542pt x 199.43411pt.
 <LearBadges2.jpg, id=30, 1142.2675pt x 614.295pt>
File: LearBadges2.jpg Graphic file (type jpg)

<use LearBadges2.jpg>
Package pdftex.def Info: LearBadges2.jpg used on input line 187.
(pdftex.def)             Requested size: 375.80542pt x 202.09932pt.

Overfull \hbox (30.83795pt too wide) in paragraph at lines 184--190
\OT1/cmr/m/n/12 For the sec-ond part, the po-si-tion is changed to 5:10. The ac
curacyInTrain$= 1$, and accuracyInTest$=$
 []


LaTeX Warning: `!h' float specifier changed to `!ht'.

<LearnHyperPlane.jpg, id=31, 1072.005pt x 637.38126pt>
File: LearnHyperPlane.jpg Graphic file (type jpg)

<use LearnHyperPlane.jpg>
Package pdftex.def Info: LearnHyperPlane.jpg used on input line 195.
(pdftex.def)             Requested size: 375.80542pt x 223.4369pt.


LaTeX Warning: `!h' float specifier changed to `!ht'.

[6 <C:/Users/Chen/Documents/RealBusiness/Course Information/Machine Learning/hw
1/LearnBadges.jpg>] [7 <C:/Users/Chen/Documents/RealBusiness/Course Information
/Machine Learning/hw1/LearBadges2.jpg> <C:/Users/Chen/Documents/RealBusiness/Co
urse Information/Machine Learning/hw1/LearnHyperPlane.jpg>]
("C:\Users\Chen\Documents\RealBusiness\Course Information\Machine Learning\hw1\
hw-template.aux")

LaTeX Warning: There were multiply-defined labels.

 ) 
Here is how much of TeX's memory you used:
 2399 strings out of 493921
 30581 string characters out of 3154102
 90242 words of memory out of 3000000
 5658 multiletter control sequences out of 15000+200000
 10502 words of font info for 39 fonts, out of 3000000 for 9000
 841 hyphenation exceptions out of 8191
 44i,10n,26p,831b,229s stack positions out of 5000i,500n,10000p,200000b,50000s
<F:/Miktext/fonts/type1/public/amsfonts/cm/cmbx12.pfb><F:/Miktext/fonts/type1
/public/amsfonts/cm/cmex10.pfb><F:/Miktext/fonts/type1/public/amsfonts/cm/cmmi1
2.pfb><F:/Miktext/fonts/type1/public/amsfonts/cm/cmmi8.pfb><F:/Miktext/fonts/ty
pe1/public/amsfonts/cm/cmr12.pfb><F:/Miktext/fonts/type1/public/amsfonts/cm/cmr
8.pfb><F:/Miktext/fonts/type1/public/amsfonts/cm/cmsl12.pfb><F:/Miktext/fonts/t
ype1/public/amsfonts/cm/cmsy10.pfb><F:/Miktext/fonts/type1/public/amsfonts/cm/c
msy8.pfb><F:/Miktext/fonts/type1/public/amsfonts/cm/cmti12.pfb>
Output written on hw-template.pdf (7 pages, 464043 bytes).
PDF statistics:
 71 PDF objects out of 1000 (max. 8388607)
 0 named destinations out of 1000 (max. 500000)
 26 words of extra memory for PDF output out of 10000 (max. 10000000)

