This is pdfTeX, Version 3.1415926-2.5-1.40.14 (MiKTeX 2.9 64-bit) (preloaded format=pdflatex 2014.7.23)  18 OCT 2014 00:47
entering extended mode
**hw-template.tex

("C:\Users\Chen\Documents\RealBusiness\Course Information\Machine Learning\hw4\
hw-template.tex"
LaTeX2e <2011/06/27>
Babel <v3.8m> and hyphenation patterns for english, afrikaans, ancientgreek, ar
abic, armenian, assamese, basque, bengali, bokmal, bulgarian, catalan, coptic, 
croatian, czech, danish, dutch, esperanto, estonian, farsi, finnish, french, ga
lician, german, german-x-2013-05-26, greek, gujarati, hindi, hungarian, iceland
ic, indonesian, interlingua, irish, italian, kannada, kurmanji, latin, latvian,
 lithuanian, malayalam, marathi, mongolian, mongolianlmc, monogreek, ngerman, n
german-x-2013-05-26, nynorsk, oriya, panjabi, pinyin, polish, portuguese, roman
ian, russian, sanskrit, serbian, slovak, slovenian, spanish, swedish, swissgerm
an, tamil, telugu, turkish, turkmen, ukenglish, ukrainian, uppersorbian, usengl
ishmax, welsh, loaded.

("C:\Users\Chen\Documents\RealBusiness\Course Information\Machine Learning\hw4\
cs446.tex" (F:\Miktext\tex\latex\base\article.cls
Document Class: article 2007/10/19 v1.4h Standard LaTeX document class
(F:\Miktext\tex\latex\base\size12.clo
File: size12.clo 2007/10/19 v1.4h Standard LaTeX file (size option)
)
\c@part=\count79
\c@section=\count80
\c@subsection=\count81
\c@subsubsection=\count82
\c@paragraph=\count83
\c@subparagraph=\count84
\c@figure=\count85
\c@table=\count86
\abovecaptionskip=\skip41
\belowcaptionskip=\skip42
\bibindent=\dimen102
)
\c@theorem=\count87
\c@corollary=\count88
\c@lemma=\count89
\c@claim=\count90
\c@fact=\count91
\c@definition=\count92
\c@assumption=\count93
\c@observation=\count94
\c@example=\count95
)
("C:\Users\Chen\Documents\RealBusiness\Course Information\Machine Learning\hw4\
hw-template.aux")
LaTeX Font Info:    Checking defaults for OML/cmm/m/it on input line 9.
LaTeX Font Info:    ... okay on input line 9.
LaTeX Font Info:    Checking defaults for T1/cmr/m/n on input line 9.
LaTeX Font Info:    ... okay on input line 9.
LaTeX Font Info:    Checking defaults for OT1/cmr/m/n on input line 9.
LaTeX Font Info:    ... okay on input line 9.
LaTeX Font Info:    Checking defaults for OMS/cmsy/m/n on input line 9.
LaTeX Font Info:    ... okay on input line 9.
LaTeX Font Info:    Checking defaults for OMX/cmex/m/n on input line 9.
LaTeX Font Info:    ... okay on input line 9.
LaTeX Font Info:    Checking defaults for U/cmr/m/n on input line 9.
LaTeX Font Info:    ... okay on input line 9.

Underfull \hbox (badness 10000) detected at line 11
 []
 []

LaTeX Font Info:    External font `cmex10' loaded for size
(Font)              <12> on input line 25.
LaTeX Font Info:    External font `cmex10' loaded for size
(Font)              <8> on input line 25.
LaTeX Font Info:    External font `cmex10' loaded for size
(Font)              <6> on input line 25.
[1

{C:/ProgramData/MiKTeX/2.9/pdftex/config/pdftex.map}] [2] [3]
("C:\Users\Chen\Documents\RealBusiness\Course Information\Machine Learning\hw4\
hw-template.aux") ) 
Here is how much of TeX's memory you used:
 300 strings out of 493921
 3721 string characters out of 3154102
 55031 words of memory out of 3000000
 3664 multiletter control sequences out of 15000+200000
 8593 words of font info for 30 fonts, out of 3000000 for 9000
 841 hyphenation exceptions out of 8191
 24i,5n,19p,816b,139s stack positions out of 5000i,500n,10000p,200000b,50000s
<F:/Miktext/fonts/type1/public/amsfonts/cm/cmbx12.pfb><F:/Mi
ktext/fonts/type1/public/amsfonts/cm/cmmi12.pfb><F:/Miktext/fonts/type1/public/
amsfonts/cm/cmmi8.pfb><F:/Miktext/fonts/type1/public/amsfonts/cm/cmr12.pfb><F:/
Miktext/fonts/type1/public/amsfonts/cm/cmr6.pfb><F:/Miktext/fonts/type1/public/
amsfonts/cm/cmr8.pfb><F:/Miktext/fonts/type1/public/amsfonts/cm/cmsl12.pfb><F:/
Miktext/fonts/type1/public/amsfonts/cm/cmsy10.pfb><F:/Miktext/fonts/type1/publi
c/amsfonts/cm/cmsy6.pfb><F:/Miktext/fonts/type1/public/amsfonts/cm/cmsy8.pfb><F
:/Miktext/fonts/type1/public/amsfonts/cm/cmti12.pfb>
Output written on hw-template.pdf (3 pages, 129068 bytes).
PDF statistics:
 56 PDF objects out of 1000 (max. 8388607)
 0 named destinations out of 1000 (max. 500000)
 1 words of extra memory for PDF output out of 10000 (max. 10000000)

