This is pdfTeX, Version 3.1415926-2.5-1.40.14 (MiKTeX 2.9 64-bit) (preloaded format=pdflatex 2014.7.23)  19 DEC 2014 23:43
entering extended mode
**hw-template*(1).tex

("C:\Users\Chen\Documents\RealBusiness\Course Information\Machine Learning\hw3\
hw-template (1).tex"
LaTeX2e <2011/06/27>
Babel <v3.8m> and hyphenation patterns for english, afrikaans, ancientgreek, ar
abic, armenian, assamese, basque, bengali, bokmal, bulgarian, catalan, coptic, 
croatian, czech, danish, dutch, esperanto, estonian, farsi, finnish, french, ga
lician, german, german-x-2013-05-26, greek, gujarati, hindi, hungarian, iceland
ic, indonesian, interlingua, irish, italian, kannada, kurmanji, latin, latvian,
 lithuanian, malayalam, marathi, mongolian, mongolianlmc, monogreek, ngerman, n
german-x-2013-05-26, nynorsk, oriya, panjabi, pinyin, polish, portuguese, roman
ian, russian, sanskrit, serbian, slovak, slovenian, spanish, swedish, swissgerm
an, tamil, telugu, turkish, turkmen, ukenglish, ukrainian, uppersorbian, usengl
ishmax, welsh, loaded.

("C:\Users\Chen\Documents\RealBusiness\Course Information\Machine Learning\hw3\
cs446.tex" (F:\Miktext\tex\latex\base\article.cls
Document Class: article 2007/10/19 v1.4h Standard LaTeX document class
(F:\Miktext\tex\latex\base\size12.clo
File: size12.clo 2007/10/19 v1.4h Standard LaTeX file (size option)
)
\c@part=\count79
\c@section=\count80
\c@subsection=\count81
\c@subsubsection=\count82
\c@paragraph=\count83
\c@subparagraph=\count84
\c@figure=\count85
\c@table=\count86
\abovecaptionskip=\skip41
\belowcaptionskip=\skip42
\bibindent=\dimen102
)
\c@theorem=\count87
\c@corollary=\count88
\c@lemma=\count89
\c@claim=\count90
\c@fact=\count91
\c@definition=\count92
\c@assumption=\count93
\c@observation=\count94
\c@example=\count95
)
(F:\Miktext\tex\latex\amsmath\amsmath.sty
Package: amsmath 2013/01/14 v2.14 AMS math features
\@mathmargin=\skip43

For additional information on amsmath, use the `?' option.
(F:\Miktext\tex\latex\amsmath\amstext.sty
Package: amstext 2000/06/29 v2.01

(F:\Miktext\tex\latex\amsmath\amsgen.sty
File: amsgen.sty 1999/11/30 v2.0
\@emptytoks=\toks14
\ex@=\dimen103
))
(F:\Miktext\tex\latex\amsmath\amsbsy.sty
Package: amsbsy 1999/11/29 v1.2d
\pmbraise@=\dimen104
)
(F:\Miktext\tex\latex\amsmath\amsopn.sty
Package: amsopn 1999/12/14 v2.01 operator names
)
\inf@bad=\count96
LaTeX Info: Redefining \frac on input line 210.
\uproot@=\count97
\leftroot@=\count98
LaTeX Info: Redefining \overline on input line 306.
\classnum@=\count99
\DOTSCASE@=\count100
LaTeX Info: Redefining \ldots on input line 378.
LaTeX Info: Redefining \dots on input line 381.
LaTeX Info: Redefining \cdots on input line 466.
\Mathstrutbox@=\box26
\strutbox@=\box27
\big@size=\dimen105
LaTeX Font Info:    Redeclaring font encoding OML on input line 566.
LaTeX Font Info:    Redeclaring font encoding OMS on input line 567.
\macc@depth=\count101
\c@MaxMatrixCols=\count102
\dotsspace@=\muskip10
\c@parentequation=\count103
\dspbrk@lvl=\count104
\tag@help=\toks15
\row@=\count105
\column@=\count106
\maxfields@=\count107
\andhelp@=\toks16
\eqnshift@=\dimen106
\alignsep@=\dimen107
\tagshift@=\dimen108
\tagwidth@=\dimen109
\totwidth@=\dimen110
\lineht@=\dimen111
\@envbody=\toks17
\multlinegap=\skip44
\multlinetaggap=\skip45
\mathdisplay@stack=\toks18
LaTeX Info: Redefining \[ on input line 2665.
LaTeX Info: Redefining \] on input line 2666.
)
(F:\Miktext\tex\latex\amsfonts\amssymb.sty
Package: amssymb 2013/01/14 v3.01 AMS font symbols

(F:\Miktext\tex\latex\amsfonts\amsfonts.sty
Package: amsfonts 2013/01/14 v3.01 Basic AMSFonts support
\symAMSa=\mathgroup4
\symAMSb=\mathgroup5
LaTeX Font Info:    Overwriting math alphabet `\mathfrak' in version `bold'
(Font)                  U/euf/m/n --> U/euf/b/n on input line 106.
)) (F:\Miktext\tex\latex\url\url.sty
\Urlmuskip=\muskip11
Package: url 2013/09/16  ver 3.4  Verb mode for urls, etc.
) (F:\Miktext\tex\latex\graphics\color.sty
Package: color 2005/11/14 v1.0j Standard LaTeX Color (DPC)

(F:\Miktext\tex\latex\00miktex\color.cfg
File: color.cfg 2007/01/18 v1.5 color configuration of teTeX/TeXLive
)
Package color Info: Driver file: pdftex.def on input line 130.

(F:\Miktext\tex\latex\pdftex-def\pdftex.def
File: pdftex.def 2011/05/27 v0.06d Graphics/color for pdfTeX

(F:\Miktext\tex\generic\oberdiek\infwarerr.sty
Package: infwarerr 2010/04/08 v1.3 Providing info/warning/error messages (HO)
)
(F:\Miktext\tex\generic\oberdiek\ltxcmds.sty
Package: ltxcmds 2011/11/09 v1.22 LaTeX kernel commands for general use (HO)
)
\Gread@gobject=\count108
))
(F:\Miktext\tex\latex\multirow\multirow.sty
\bigstrutjot=\dimen112
)
(F:\Miktext\tex\latex\tools\array.sty
Package: array 2008/09/09 v2.4c Tabular extension package (FMi)
\col@sep=\dimen113
\extrarowheight=\dimen114
\NC@list=\toks19
\extratabsurround=\skip46
\backup@length=\skip47
)
(F:\Miktext\tex\latex\graphics\graphicx.sty
Package: graphicx 1999/02/16 v1.0f Enhanced LaTeX Graphics (DPC,SPQR)

(F:\Miktext\tex\latex\graphics\keyval.sty
Package: keyval 1999/03/16 v1.13 key=value parser (DPC)
\KV@toks@=\toks20
)
(F:\Miktext\tex\latex\graphics\graphics.sty
Package: graphics 2009/02/05 v1.0o Standard LaTeX Graphics (DPC,SPQR)

(F:\Miktext\tex\latex\graphics\trig.sty
Package: trig 1999/03/16 v1.09 sin cos tan (DPC)
)
(F:\Miktext\tex\latex\00miktex\graphics.cfg
File: graphics.cfg 2007/01/18 v1.5 graphics configuration of teTeX/TeXLive
)
Package graphics Info: Driver file: pdftex.def on input line 91.
)
\Gin@req@height=\dimen115
\Gin@req@width=\dimen116
)

LaTeX Warning: Unused global option(s):
    [fullpage].


("C:\Users\Chen\Documents\RealBusiness\Course Information\Machine Learning\hw3\
hw-template (1).aux")
LaTeX Font Info:    Checking defaults for OML/cmm/m/it on input line 11.
LaTeX Font Info:    ... okay on input line 11.
LaTeX Font Info:    Checking defaults for T1/cmr/m/n on input line 11.
LaTeX Font Info:    ... okay on input line 11.
LaTeX Font Info:    Checking defaults for OT1/cmr/m/n on input line 11.
LaTeX Font Info:    ... okay on input line 11.
LaTeX Font Info:    Checking defaults for OMS/cmsy/m/n on input line 11.
LaTeX Font Info:    ... okay on input line 11.
LaTeX Font Info:    Checking defaults for OMX/cmex/m/n on input line 11.
LaTeX Font Info:    ... okay on input line 11.
LaTeX Font Info:    Checking defaults for U/cmr/m/n on input line 11.
LaTeX Font Info:    ... okay on input line 11.
 (F:\Miktext\tex\context\base\supp-pdf.mkii
[Loading MPS to PDF converter (version 2006.09.02).]
\scratchcounter=\count109
\scratchdimen=\dimen117
\scratchbox=\box28
\nofMPsegments=\count110
\nofMParguments=\count111
\everyMPshowfont=\toks21
\MPscratchCnt=\count112
\MPscratchDim=\dimen118
\MPnumerator=\count113
\makeMPintoPDFobject=\count114
\everyMPtoPDFconversion=\toks22
)
Underfull \hbox (badness 10000) detected at line 13
 []
 []

LaTeX Font Info:    Try loading font information for U+msa on input line 22.
(F:\Miktext\tex\latex\amsfonts\umsa.fd
File: umsa.fd 2013/01/14 v3.01 AMS symbols A
)
LaTeX Font Info:    Try loading font information for U+msb on input line 22.
 (F:\Miktext\tex\latex\amsfonts\umsb.fd
File: umsb.fd 2013/01/14 v3.01 AMS symbols B
)
Overfull \hbox (1.34583pt too wide) in paragraph at lines 27--46
[][] 
 []

<Problem1Figure1.jpg, id=1, 1176.395pt x 688.5725pt>
File: Problem1Figure1.jpg Graphic file (type jpg)
 <use Problem1Figure1.jpg>
Package pdftex.def Info: Problem1Figure1.jpg used on input line 52.
(pdftex.def)             Requested size: 469.75499pt x 274.9618pt.


LaTeX Warning: `!h' float specifier changed to `!ht'.

<Problem1Figure2.jpg, id=2, 1176.395pt x 688.5725pt>
File: Problem1Figure2.jpg Graphic file (type jpg)
 <use Problem1Figure2.jpg>
Package pdftex.def Info: Problem1Figure2.jpg used on input line 58.
(pdftex.def)             Requested size: 469.75499pt x 274.9618pt.


LaTeX Warning: `!h' float specifier changed to `!ht'.

[1

{C:/ProgramData/MiKTeX/2.9/pdftex/config/pdftex.map}]

LaTeX Warning: Text page 2 contains only floats.

[2 <C:/Users/Chen/Documents/RealBusiness/Course Information/Machine Learning/hw
3/Problem1Figure1.jpg> <C:/Users/Chen/Documents/RealBusiness/Course Information
/Machine Learning/hw3/Problem1Figure2.jpg>]
Overfull \hbox (1.09113pt too wide) in paragraph at lines 70--70
 []|[]| 
 []


Overfull \hbox (21.47394pt too wide) in paragraph at lines 68--87
[][] 
 []


Overfull \hbox (16.5908pt too wide) in paragraph at lines 94--125
[][] 
 []

<Problem2Figure1.jpg, id=15, 1176.395pt x 688.5725pt>
File: Problem2Figure1.jpg Graphic file (type jpg)

<use Problem2Figure1.jpg>
Package pdftex.def Info: Problem2Figure1.jpg used on input line 131.
(pdftex.def)             Requested size: 469.75499pt x 274.9618pt.


LaTeX Warning: `!h' float specifier changed to `!ht'.


Overfull \hbox (16.5908pt too wide) in paragraph at lines 141--162
[][] 
 []

[3] [4 <C:/Users/Chen/Documents/RealBusiness/Course Information/Machine Learnin
g/hw3/Problem2Figure1.jpg>]
("C:\Users\Chen\Documents\RealBusiness\Course Information\Machine Learning\hw3\
hw-template (1).aux") ) 
Here is how much of TeX's memory you used:
 2276 strings out of 493921
 27556 string characters out of 3154102
 98873 words of memory out of 3000000
 5552 multiletter control sequences out of 15000+200000
 10195 words of font info for 38 fonts, out of 3000000 for 9000
 841 hyphenation exceptions out of 8191
 27i,11n,26p,559b,254s stack positions out of 5000i,500n,10000p,200000b,50000s
<F:/Miktext/fonts/type1/public/amsfonts/cm/cmbx12.pfb><F
:/Miktext/fonts/type1/public/amsfonts/cm/cmmi12.pfb><F:/Miktext/fonts/type1/pub
lic/amsfonts/cm/cmr12.pfb><F:/Miktext/fonts/type1/public/amsfonts/cm/cmsl12.pfb
><F:/Miktext/fonts/type1/public/amsfonts/cm/cmti12.pfb>
Output written on "hw-template (1).pdf" (4 pages, 327890 bytes).
PDF statistics:
 38 PDF objects out of 1000 (max. 8388607)
 0 named destinations out of 1000 (max. 500000)
 16 words of extra memory for PDF output out of 10000 (max. 10000000)

